<?xml version="1.0" encoding="UTF-8"?>
<testsuite name="net.sourceforge.pmd.lang.apex.rule.performance.PerformanceRulesTest" time="0.036" tests="12" errors="0" skipped="0" failures="0">
  <properties>
[...]
</properties>
  <testcase name="AvoidDmlStatementsInLoops::0 Problematic Dml Statement in for each" classname="net.sourceforge.pmd.lang.apex.rule.performance.PerformanceRulesTest" time="0.002"/>
  <testcase name="AvoidDmlStatementsInLoops::1 Problematic Dml Statement in for loop" classname="net.sourceforge.pmd.lang.apex.rule.performance.PerformanceRulesTest" time="0.002"/>
  <testcase name="AvoidDmlStatementsInLoops::2 Problematic Dml Statement in While loop" classname="net.sourceforge.pmd.lang.apex.rule.performance.PerformanceRulesTest" time="0.003"/>
  <testcase name="AvoidDmlStatementsInLoops::3 Problematic Dml Statement in do loop" classname="net.sourceforge.pmd.lang.apex.rule.performance.PerformanceRulesTest" time="0.003"/>
  <testcase name="AvoidDmlStatementsInLoops::4 Best Practice: Batch up data into a list and invoke your DML once on that list of data." classname="net.sourceforge.pmd.lang.apex.rule.performance.PerformanceRulesTest" time="0.002"/>
  <testcase name="AvoidSoqlInLoops::0 Problematic Soql in for each" classname="net.sourceforge.pmd.lang.apex.rule.performance.PerformanceRulesTest" time="0.003"/>
  <testcase name="AvoidSoqlInLoops::1 Problematic Soql in for loop" classname="net.sourceforge.pmd.lang.apex.rule.performance.PerformanceRulesTest" time="0.002"/>
  <testcase name="AvoidSoqlInLoops::2 Problematic Soql in While loop" classname="net.sourceforge.pmd.lang.apex.rule.performance.PerformanceRulesTest" time="0.002"/>
  <testcase name="AvoidSoqlInLoops::3 Problematic Soql in do loop" classname="net.sourceforge.pmd.lang.apex.rule.performance.PerformanceRulesTest" time="0.003"/>
  <testcase name="AvoidSoqlInLoops::4 Multiple problematic Soql expressions" classname="net.sourceforge.pmd.lang.apex.rule.performance.PerformanceRulesTest" time="0.005"/>
  <testcase name="AvoidSoqlInLoops::5 Return Soql is even ok in loop" classname="net.sourceforge.pmd.lang.apex.rule.performance.PerformanceRulesTest" time="0.003"/>
  <testcase name="AvoidSoqlInLoops::6 #29 SOQL For Loops should not throw an Avoid Soql queries inside loops issue" classname="net.sourceforge.pmd.lang.apex.rule.performance.PerformanceRulesTest" time="0.006"/>
</testsuite>