<?xml version="1.0" encoding="UTF-8"?>
<testsuite name="net.sourceforge.pmd.lang.apex.rule.style.StyleRulesTest" time="0.102" tests="42" errors="0" skipped="0" failures="0">
  <properties>
[...]
</properties>
  <testcase name="AvoidGlobalModifier::0 Global class" classname="net.sourceforge.pmd.lang.apex.rule.style.StyleRulesTest" time="0.004"/>
  <testcase name="AvoidGlobalModifier::1 Global interface" classname="net.sourceforge.pmd.lang.apex.rule.style.StyleRulesTest" time="0.003"/>
  <testcase name="AvoidGlobalModifier::2 Global method" classname="net.sourceforge.pmd.lang.apex.rule.style.StyleRulesTest" time="0.003"/>
  <testcase name="AvoidGlobalModifier::3 Global inner interface" classname="net.sourceforge.pmd.lang.apex.rule.style.StyleRulesTest" time="0.002"/>
  <testcase name="AvoidLogicInTrigger::0 Trigger without logic" classname="net.sourceforge.pmd.lang.apex.rule.style.StyleRulesTest" time="0.002"/>
  <testcase name="AvoidLogicInTrigger::1 Trigger with logic" classname="net.sourceforge.pmd.lang.apex.rule.style.StyleRulesTest" time="0.003"/>
  <testcase name="ClassNamingConventions::0 class names should not start with lowercase character" classname="net.sourceforge.pmd.lang.apex.rule.style.StyleRulesTest" time="0.002"/>
  <testcase name="ClassNamingConventions::1 all is well" classname="net.sourceforge.pmd.lang.apex.rule.style.StyleRulesTest" time="0.001"/>
  <testcase name="MethodNamingConventions::0 method names should start with lowercase character" classname="net.sourceforge.pmd.lang.apex.rule.style.StyleRulesTest" time="0.002"/>
  <testcase name="MethodNamingConventions::1 method names should not contain underscores" classname="net.sourceforge.pmd.lang.apex.rule.style.StyleRulesTest" time="0.003"/>
  <testcase name="MethodNamingConventions::2 all is well" classname="net.sourceforge.pmd.lang.apex.rule.style.StyleRulesTest" time="0.002"/>
  <testcase name="MethodNamingConventions::3 #1343 MethodNamingConventions for overrided methods" classname="net.sourceforge.pmd.lang.apex.rule.style.StyleRulesTest" time="0.006"/>
  <testcase name="MethodNamingConventions::4 #25 Method rules should ignore Property Getter/Setter" classname="net.sourceforge.pmd.lang.apex.rule.style.StyleRulesTest" time="0.003"/>
  <testcase name="MethodNamingConventions::5 #26 Constructors should not trigger &quot;Method names should not start with capital letters&quot; issue" classname="net.sourceforge.pmd.lang.apex.rule.style.StyleRulesTest" time="0.002"/>
  <testcase name="MethodWithSameNameAsEnclosingClass::0 bad" classname="net.sourceforge.pmd.lang.apex.rule.style.StyleRulesTest" time="0.003"/>
  <testcase name="MethodWithSameNameAsEnclosingClass::1 ok" classname="net.sourceforge.pmd.lang.apex.rule.style.StyleRulesTest" time="0.001"/>
  <testcase name="MethodWithSameNameAsEnclosingClass::2 doesn&apos;t crash on interfaces" classname="net.sourceforge.pmd.lang.apex.rule.style.StyleRulesTest" time="0.002"/>
  <testcase name="VariableNamingConventions::0 member level, final statics should be all caps" classname="net.sourceforge.pmd.lang.apex.rule.style.StyleRulesTest" time="0.002"/>
  <testcase name="VariableNamingConventions::1 member level, non-finals shouldn&apos;t have underscores" classname="net.sourceforge.pmd.lang.apex.rule.style.StyleRulesTest" time="0.002"/>
  <testcase name="VariableNamingConventions::2 local level, non-finals shouldn&apos;t have underscores" classname="net.sourceforge.pmd.lang.apex.rule.style.StyleRulesTest" time="0.002"/>
  <testcase name="VariableNamingConventions::3 method level, non-finals shouldn&apos;t have underscores" classname="net.sourceforge.pmd.lang.apex.rule.style.StyleRulesTest" time="0.003"/>
  <testcase name="VariableNamingConventions::4 constructor level, non-finals shouldn&apos;t have underscores" classname="net.sourceforge.pmd.lang.apex.rule.style.StyleRulesTest" time="0.002"/>
  <testcase name="VariableNamingConventions::5 member level, variables names should start with lowercase character" classname="net.sourceforge.pmd.lang.apex.rule.style.StyleRulesTest" time="0.002"/>
  <testcase name="VariableNamingConventions::6 local level, variables names should start with lowercase character" classname="net.sourceforge.pmd.lang.apex.rule.style.StyleRulesTest" time="0.002"/>
  <testcase name="VariableNamingConventions::7 method level, variables names should start with lowercase character" classname="net.sourceforge.pmd.lang.apex.rule.style.StyleRulesTest" time="0.001"/>
  <testcase name="VariableNamingConventions::8 constructor level, variables names should start with lowercase character" classname="net.sourceforge.pmd.lang.apex.rule.style.StyleRulesTest" time="0.002"/>
  <testcase name="VariableNamingConventions::9 all is well" classname="net.sourceforge.pmd.lang.apex.rule.style.StyleRulesTest" time="0.002"/>
  <testcase name="VariableNamingConventions::10 local finals are ok" classname="net.sourceforge.pmd.lang.apex.rule.style.StyleRulesTest" time="0.001"/>
  <testcase name="VariableNamingConventions::11 serialVersionUID is OK" classname="net.sourceforge.pmd.lang.apex.rule.style.StyleRulesTest" time="0.002"/>
  <testcase name="VariableNamingConventions::12 final non-statics need not be all caps" classname="net.sourceforge.pmd.lang.apex.rule.style.StyleRulesTest" time="0.002"/>
  <testcase name="VariableNamingConventions::13 variables in inner classes should not trigger problems in parent declaration" classname="net.sourceforge.pmd.lang.apex.rule.style.StyleRulesTest" time="0.003"/>
  <testcase name="VariableNamingConventions::14 Rule property control" classname="net.sourceforge.pmd.lang.apex.rule.style.StyleRulesTest" time="0.004"/>
  <testcase name="VariableNamingConventions::15 Check prefixes" classname="net.sourceforge.pmd.lang.apex.rule.style.StyleRulesTest" time="0.003"/>
  <testcase name="VariableNamingConventions::16 Check suffixes" classname="net.sourceforge.pmd.lang.apex.rule.style.StyleRulesTest" time="0.003"/>
  <testcase name="VariableNamingConventions::17 Check members disabled" classname="net.sourceforge.pmd.lang.apex.rule.style.StyleRulesTest" time="0.003"/>
  <testcase name="VariableNamingConventions::18 Check locals disabled" classname="net.sourceforge.pmd.lang.apex.rule.style.StyleRulesTest" time="0.003"/>
  <testcase name="VariableNamingConventions::19 Check parameters disabled" classname="net.sourceforge.pmd.lang.apex.rule.style.StyleRulesTest" time="0.003"/>
  <testcase name="VariableNamingConventions::20 False - with non primitive fields (Bug 2225474)" classname="net.sourceforge.pmd.lang.apex.rule.style.StyleRulesTest" time="0.002"/>
  <testcase name="VariableNamingConventions::21 #1349 VariableNamingConventions : underscore in final but at first position ?" classname="net.sourceforge.pmd.lang.apex.rule.style.StyleRulesTest" time="0.002"/>
  <testcase name="VariableNamingConventions::22 #1399 False positive for VariableNamingConventions with annotation @interface" classname="net.sourceforge.pmd.lang.apex.rule.style.StyleRulesTest" time="0.003"/>
  <testcase name="VariableNamingConventions::23 Inner exception" classname="net.sourceforge.pmd.lang.apex.rule.style.StyleRulesTest" time="0.003"/>
  <testcase name="VariableNamingConventions::24 Exception" classname="net.sourceforge.pmd.lang.apex.rule.style.StyleRulesTest" time="0.001"/>
</testsuite>