<?xml version="1.0" encoding="UTF-8"?>
<testsuite name="net.sourceforge.pmd.lang.apex.rule.complexity.ComplexityRulesTest" time="0.227" tests="50" errors="0" skipped="0" failures="0">
  <properties>
[...]
</properties>
  <testcase name="AvoidDeeplyNestedIfStmts::0 Bad, very deep" classname="net.sourceforge.pmd.lang.apex.rule.complexity.ComplexityRulesTest" time="0.004"/>
  <testcase name="AvoidDeeplyNestedIfStmts::1 OK, not so deep" classname="net.sourceforge.pmd.lang.apex.rule.complexity.ComplexityRulesTest" time="0.003"/>
  <testcase name="AvoidDeeplyNestedIfStmts::2 Bad, many deep ifs" classname="net.sourceforge.pmd.lang.apex.rule.complexity.ComplexityRulesTest" time="0.007"/>
  <testcase name="ExcessiveClassLength::0 short" classname="net.sourceforge.pmd.lang.apex.rule.complexity.ComplexityRulesTest" time="0.007"/>
  <testcase name="ExcessiveClassLength::1 long" classname="net.sourceforge.pmd.lang.apex.rule.complexity.ComplexityRulesTest" time="0.006"/>
  <testcase name="ExcessiveClassLength::2 long class - changed minimum" classname="net.sourceforge.pmd.lang.apex.rule.complexity.ComplexityRulesTest" time="0.003"/>
  <testcase name="ExcessiveClassLength::3 ignore test classes" classname="net.sourceforge.pmd.lang.apex.rule.complexity.ComplexityRulesTest" time="0.003"/>
  <testcase name="ExcessiveParameterList::0 short" classname="net.sourceforge.pmd.lang.apex.rule.complexity.ComplexityRulesTest" time="0.002"/>
  <testcase name="ExcessiveParameterList::1 long" classname="net.sourceforge.pmd.lang.apex.rule.complexity.ComplexityRulesTest" time="0.003"/>
  <testcase name="ExcessivePublicCount::0 Few public fields" classname="net.sourceforge.pmd.lang.apex.rule.complexity.ComplexityRulesTest" time="0.003"/>
  <testcase name="ExcessivePublicCount::1 Too many public fields" classname="net.sourceforge.pmd.lang.apex.rule.complexity.ComplexityRulesTest" time="0.003"/>
  <testcase name="ExcessivePublicCount::2 Static final" classname="net.sourceforge.pmd.lang.apex.rule.complexity.ComplexityRulesTest" time="0.003"/>
  <testcase name="ExcessivePublicCount::3 Some public methods" classname="net.sourceforge.pmd.lang.apex.rule.complexity.ComplexityRulesTest" time="0.002"/>
  <testcase name="ExcessivePublicCount::4 Reduced minimum" classname="net.sourceforge.pmd.lang.apex.rule.complexity.ComplexityRulesTest" time="0.003"/>
  <testcase name="ExcessivePublicCount::5 Private fields" classname="net.sourceforge.pmd.lang.apex.rule.complexity.ComplexityRulesTest" time="0.003"/>
  <testcase name="ExcessivePublicCount::6 Private methods" classname="net.sourceforge.pmd.lang.apex.rule.complexity.ComplexityRulesTest" time="0.004"/>
  <testcase name="NcssConstructorCount::0 short" classname="net.sourceforge.pmd.lang.apex.rule.complexity.ComplexityRulesTest" time="0.004"/>
  <testcase name="NcssConstructorCount::1 lots of comments" classname="net.sourceforge.pmd.lang.apex.rule.complexity.ComplexityRulesTest" time="0.004"/>
  <testcase name="NcssConstructorCount::2 long constructor" classname="net.sourceforge.pmd.lang.apex.rule.complexity.ComplexityRulesTest" time="0.006"/>
  <testcase name="NcssConstructorCount::3 long method - changed minimum" classname="net.sourceforge.pmd.lang.apex.rule.complexity.ComplexityRulesTest" time="0.002"/>
  <testcase name="NcssConstructorCount::4 ignore non-constructor methods" classname="net.sourceforge.pmd.lang.apex.rule.complexity.ComplexityRulesTest" time="0.004"/>
  <testcase name="NcssMethodCount::0 short" classname="net.sourceforge.pmd.lang.apex.rule.complexity.ComplexityRulesTest" time="0.002"/>
  <testcase name="NcssMethodCount::1 lots of comments" classname="net.sourceforge.pmd.lang.apex.rule.complexity.ComplexityRulesTest" time="0.003"/>
  <testcase name="NcssMethodCount::2 long method" classname="net.sourceforge.pmd.lang.apex.rule.complexity.ComplexityRulesTest" time="0.003"/>
  <testcase name="NcssMethodCount::3 long method - changed minimum" classname="net.sourceforge.pmd.lang.apex.rule.complexity.ComplexityRulesTest" time="0.004"/>
  <testcase name="NcssMethodCount::4 ignores constructor" classname="net.sourceforge.pmd.lang.apex.rule.complexity.ComplexityRulesTest" time="0.003"/>
  <testcase name="NcssMethodCount::5 Github issue #183 - lines are counted properly" classname="net.sourceforge.pmd.lang.apex.rule.complexity.ComplexityRulesTest" time="0.005"/>
  <testcase name="NcssTypeCount::0 short" classname="net.sourceforge.pmd.lang.apex.rule.complexity.ComplexityRulesTest" time="0.004"/>
  <testcase name="NcssTypeCount::1 lots of comments" classname="net.sourceforge.pmd.lang.apex.rule.complexity.ComplexityRulesTest" time="0.002"/>
  <testcase name="NcssTypeCount::2 long method" classname="net.sourceforge.pmd.lang.apex.rule.complexity.ComplexityRulesTest" time="0.004"/>
  <testcase name="NcssTypeCount::3 long method - changed minimum" classname="net.sourceforge.pmd.lang.apex.rule.complexity.ComplexityRulesTest" time="0.005"/>
  <testcase name="StdCyclomaticComplexity::0 Simple method" classname="net.sourceforge.pmd.lang.apex.rule.complexity.ComplexityRulesTest" time="0.005"/>
  <testcase name="StdCyclomaticComplexity::1 Simple trigger" classname="net.sourceforge.pmd.lang.apex.rule.complexity.ComplexityRulesTest" time="0.005"/>
  <testcase name="StdCyclomaticComplexity::2 Simple enum" classname="net.sourceforge.pmd.lang.apex.rule.complexity.ComplexityRulesTest" time="0.009"/>
  <testcase name="StdCyclomaticComplexity::3 Simple interface" classname="net.sourceforge.pmd.lang.apex.rule.complexity.ComplexityRulesTest" time="0.003"/>
  <testcase name="StdCyclomaticComplexity::4 Complicated method" classname="net.sourceforge.pmd.lang.apex.rule.complexity.ComplexityRulesTest" time="0.006"/>
  <testcase name="StdCyclomaticComplexity::5 Constructor" classname="net.sourceforge.pmd.lang.apex.rule.complexity.ComplexityRulesTest" time="0.002"/>
  <testcase name="StdCyclomaticComplexity::6 Testing new parameter showClassesComplexity" classname="net.sourceforge.pmd.lang.apex.rule.complexity.ComplexityRulesTest" time="0.005"/>
  <testcase name="StdCyclomaticComplexity::7 Testing new parameter showMethodsMethods" classname="net.sourceforge.pmd.lang.apex.rule.complexity.ComplexityRulesTest" time="0.006"/>
  <testcase name="StdCyclomaticComplexity::8 Testing default value of showClassMethods and showClassesComplexity" classname="net.sourceforge.pmd.lang.apex.rule.complexity.ComplexityRulesTest" time="0.006"/>
  <testcase name="StdCyclomaticComplexity::9 #984 Cyclomatic complexity should treat constructors like methods: 1 - showMethodsComplexity=true" classname="net.sourceforge.pmd.lang.apex.rule.complexity.ComplexityRulesTest" time="0.004"/>
  <testcase name="StdCyclomaticComplexity::10 #984 Cyclomatic complexity should treat constructors like methods: 2 - showMethodsComplexity=false" classname="net.sourceforge.pmd.lang.apex.rule.complexity.ComplexityRulesTest" time="0.004"/>
  <testcase name="TooManyFields::0 3 fields, max is 15" classname="net.sourceforge.pmd.lang.apex.rule.complexity.ComplexityRulesTest" time="0.003"/>
  <testcase name="TooManyFields::1 3 fields, reduced max to 2" classname="net.sourceforge.pmd.lang.apex.rule.complexity.ComplexityRulesTest" time="0.002"/>
  <testcase name="TooManyFields::2 16 fields, bad" classname="net.sourceforge.pmd.lang.apex.rule.complexity.ComplexityRulesTest" time="0.003"/>
  <testcase name="TooManyFields::3 12 fields, but 6 in inner and 6 in outer" classname="net.sourceforge.pmd.lang.apex.rule.complexity.ComplexityRulesTest" time="0.004"/>
  <testcase name="TooManyFields::4 outer class, inner interface, both OK" classname="net.sourceforge.pmd.lang.apex.rule.complexity.ComplexityRulesTest" time="0.009"/>
  <testcase name="TooManyFields::5 2 inner classes, each with &gt; 10 fields" classname="net.sourceforge.pmd.lang.apex.rule.complexity.ComplexityRulesTest" time="0.027"/>
  <testcase name="TooManyFields::6 anonymous class with a field" classname="net.sourceforge.pmd.lang.apex.rule.complexity.ComplexityRulesTest" time="0.005"/>
  <testcase name="TooManyFields::7 lots of static finals, those are ok" classname="net.sourceforge.pmd.lang.apex.rule.complexity.ComplexityRulesTest" time="0.005"/>
</testsuite>